2015/04/08 22:35:54 [error] [exception.CHttpException.404] exception 'CHttpException' with message 'Невозможно обработать запрос "favicon.ico".' in C:\OpenServer\domains\framework\web\CWebApplication.php:286
Stack trace:
#0 C:\OpenServer\domains\framework\web\CWebApplication.php(141): CWebApplication->runController('favicon.ico')
#1 C:\OpenServer\domains\framework\base\CApplication.php(184): CWebApplication->processRequest()
#2 C:\OpenServer\domains\site.com\index.php(11): CApplication->run()
#3 {main}
REQUEST_URI=/favicon.ico
---
2015/04/08 23:06:26 [error] [exception.CHttpException.404] exception 'CHttpException' with message 'Невозможно обработать запрос "testin".' in C:\OpenServer\domains\framework\web\CWebApplication.php:286
Stack trace:
#0 C:\OpenServer\domains\framework\web\CWebApplication.php(141): CWebApplication->runController('testin')
#1 C:\OpenServer\domains\framework\base\CApplication.php(184): CWebApplication->processRequest()
#2 C:\OpenServer\domains\site.com\index.php(11): CApplication->run()
#3 {main}
REQUEST_URI=/testin
---
2015/04/08 23:14:26 [error] [php] Invalid argument supplied for foreach() (C:\OpenServer\domains\site.com\protected\views\names\index.php:5)
Stack trace:
#0 C:\OpenServer\domains\framework\web\CController.php(869): NamesController->renderFile()
#1 C:\OpenServer\domains\framework\web\CController.php(782): NamesController->renderPartial()
#2 C:\OpenServer\domains\site.com\protected\controllers\NamesController.php(8): NamesController->render()
#3 C:\OpenServer\domains\framework\web\actions\CInlineAction.php(49): NamesController->actionIndex()
#4 C:\OpenServer\domains\framework\web\CController.php(308): CInlineAction->runWithParams()
#5 C:\OpenServer\domains\framework\web\CController.php(286): NamesController->runAction()
#6 C:\OpenServer\domains\framework\web\CController.php(265): NamesController->runActionWithFilters()
#7 C:\OpenServer\domains\framework\web\CWebApplication.php(282): NamesController->run()
#8 C:\OpenServer\domains\framework\web\CWebApplication.php(141): CWebApplication->runController()
#9 C:\OpenServer\domains\framework\base\CApplication.php(184): CWebApplication->processRequest()
#10 C:\OpenServer\domains\site.com\index.php(11): CWebApplication->run()
REQUEST_URI=/names
in C:\OpenServer\domains\site.com\protected\views\names\index.php (5)
in C:\OpenServer\domains\site.com\protected\controllers\NamesController.php (8)
in C:\OpenServer\domains\site.com\index.php (11)
